DEBUG:urllib3.connectionpool:Starting new HTTPS connection (1): www.tmz.com:443
DEBUG:urllib3.connectionpool:https://www.tmz.com:443 "GET /2024/01/18/north-west-muestra-su-nueva-parrilla-de-diamantes-en-una-selfie-de-cerca/ HTTP/11" 200 39238
DEBUG:urllib3.connectionpool:Starting new HTTPS connection (1): www.tmz.com:443
DEBUG:urllib3.connectionpool:https://www.tmz.com:443 "GET /2024/01/18/kim-kardashian-mariah-carey-doja-cat-nobu-malibu/ HTTP/11" 200 38067
DEBUG:urllib3.connectionpool:Starting new HTTPS connection (1): www.tmz.com:443
DEBUG:urllib3.connectionpool:https://www.tmz.com:443 "GET /2024/03/08/kylie-jenner-se-niega-a-hablar-de-timothee-chalamet-en-una-nueva-entrevista/ HTTP/11" 200 42402
DEBUG:urllib3.connectionpool:Starting new HTTPS connection (1): www.tmz.com:443
DEBUG:urllib3.connectionpool:https://www.tmz.com:443 "GET /2024/04/14/camron-oj-simpson-caitlyn-jenner-good-riddance-princess-diana-blast-dead-dies/ HTTP/11" 200 40271
DEBUG:urllib3.connectionpool:Starting new HTTPS connection (1): www.tmz.com:443
DEBUG:urllib3.connectionpool:https://www.tmz.com:443 "GET /2024/03/25/unc-basketball-player-paxson-wojcik-kylie-jenner-dating-rumor-not-true/ HTTP/11" 200 41429
DEBUG:urllib3.connectionpool:Starting new HTTPS connection (1): www.tmz.com:443
DEBUG:urllib3.connectionpool:https://www.tmz.com:443 "GET /2024/04/28/caitlyn-jenner-white-house-correspondents-dinner-palestianian-protests/ HTTP/11" 200 37687
DEBUG:urllib3.connectionpool:Starting new HTTPS connection (1): www.tmz.com:443
DEBUG:urllib3.connectionpool:https://www.tmz.com:443 "GET /2024/05/25/bad-bunny-kendall-jenner-private-dinner-miami/ HTTP/11" 200 37993
DEBUG:urllib3.connectionpool:Starting new HTTPS connection (1): www.tmz.com:443
DEBUG:urllib3.connectionpool:https://www.tmz.com:443 "GET /2024/06/20/kourtney-kardashian-had-sex-with-travis-barker-while-dilated-to-induce-labor/ HTTP/11" 200 38320
DEBUG:urllib3.connectionpool:Starting new HTTPS connection (1): www.tmz.com:443
DEBUG:urllib3.connectionpool:https://www.tmz.com:443 "GET /2024/02/14/kourtney-kardashian-y-travis-barker-revelan-que-su-bebe-rocky-fue-concebido-en-san-valentin/ HTTP/11" 200 39493
DEBUG:urllib3.connectionpool:Starting new HTTPS connection (1): www.tmz.com:443
DEBUG:urllib3.connectionpool:https://www.tmz.com:443 "GET /2024/06/24/vogue-world-paris-kendall-jenner-cara-delevingne-best-dressed-photos/ HTTP/11" 200 40763
DEBUG:urllib3.connectionpool:Starting new HTTPS connection (1): www.tmz.com:443
DEBUG:urllib3.connectionpool:https://www.tmz.com:443 "GET /2024/07/11/kim-kardashian-salmon-sperm-facial-jennifer-aniston/ HTTP/11" 200 38959
DEBUG:urllib3.connectionpool:Starting new HTTPS connection (1): www.tmz.com:443
DEBUG:urllib3.connectionpool:https://www.tmz.com:443 "GET /2024/04/28/tmz-tv-hot-takes-kim-kardashian-karrueche-tran-leveon-bell/ HTTP/11" 200 37778
DEBUG:urllib3.connectionpool:Starting new HTTPS connection (1): www.tmz.com:443
DEBUG:urllib3.connectionpool:https://www.tmz.com:443 "GET /2024/02/29/kim-kardashian-sends-prayers-family-ivan-cantu-inmate-texas-execution/ HTTP/11" 200 36541
DEBUG:urllib3.connectionpool:Starting new HTTPS connection (1): www.tmz.com:443
DEBUG:urllib3.connectionpool:https://www.tmz.com:443 "GET /2024/06/18/kourtney-kardashian-scott-disick-travis-barker-fathers-day-snub/ HTTP/11" 200 42624
DEBUG:urllib3.connectionpool:Starting new HTTPS connection (1): www.tmz.com:443
DEBUG:urllib3.connectionpool:https://www.tmz.com:443 "GET /2024/07/30/eminem-death-slim-shady-ai-interview-mgk-mother/ HTTP/11" 200 None
DEBUG:urllib3.connectionpool:Starting new HTTPS connection (1): www.tmz.com:443
DEBUG:urllib3.connectionpool:https://www.tmz.com:443 "GET /2024/05/28/marc-lamont-hill-defends-north-west-lion-king-role-nepotism/ HTTP/11" 200 42106
DEBUG:urllib3.connectionpool:Starting new HTTPS connection (1): www.tmz.com:443
DEBUG:urllib3.connectionpool:https://www.tmz.com:443 "GET /2024/04/23/kim-kardashian-address-online-rumors-jimmy-kimmel/ HTTP/11" 200 35774
DEBUG:urllib3.connectionpool:Starting new HTTPS connection (1): www.tmz.com:443
DEBUG:urllib3.connectionpool:https://www.tmz.com:443 "GET /2024/07/13/tmz-tv-hot-takes-alec-baldwin-trial-kardashian-wedding-guests-patrick-mahomes-baby/ HTTP/11" 200 40119
DEBUG:urllib3.connectionpool:Starting new HTTPS connection (1): www.tmz.com:443
DEBUG:urllib3.connectionpool:https://www.tmz.com:443 "GET /2024/03/30/caitlyn-jenner-slams-biden-transgender-day-visibility-easter/ HTTP/11" 200 39655
DEBUG:urllib3.connectionpool:Starting new HTTPS connection (1): www.tmz.com:443
DEBUG:urllib3.connectionpool:https://www.tmz.com:443 "GET /2024/07/29/travis-barker-selling-post-crash-boarding-pass-personal-note/ HTTP/11" 200 37826
DEBUG:urllib3.connectionpool:Starting new HTTPS connection (1): www.tmz.com:443
DEBUG:urllib3.connectionpool:https://www.tmz.com:443 "GET /2024/02/02/bad-bunny-sube-fotos-dandose-un-bano-de-burbujas-y-ensena-la-entrepierna/ HTTP/11" 200 38691
DEBUG:urllib3.connectionpool:Starting new HTTPS connection (1): www.tmz.com:443
DEBUG:urllib3.connectionpool:https://www.tmz.com:443 "GET /2024/03/17/bianca-censori-braless-outfit-kanye-west-mother/ HTTP/11" 200 39314
DEBUG:urllib3.connectionpool:Starting new HTTPS connection (1): www.tmz.com:443
DEBUG:urllib3.connectionpool:https://www.tmz.com:443 "GET /2024/05/01/kim-kardashian-odell-beckham-jr-split-better-off-as-friends/ HTTP/11" 200 35845
DEBUG:urllib3.connectionpool:Starting new HTTPS connection (1): www.tmz.com:443
DEBUG:urllib3.connectionpool:https://www.tmz.com:443 "GET /2024/01/10/selena-gomez-quits-social-media-golden-globes-gossip-kylie-jenner/ HTTP/11" 200 40851
DEBUG:urllib3.connectionpool:Starting new HTTPS connection (1): www.tmz.com:443
DEBUG:urllib3.connectionpool:https://www.tmz.com:443 "GET /2024/03/18/caitlyn-jenner-lamar-odom-new-podcast-together-keeping-up-with-sports/ HTTP/11" 200 39779
DEBUG:urllib3.connectionpool:Starting new HTTPS connection (1): www.tmz.com:443
DEBUG:urllib3.connectionpool:https://www.tmz.com:443 "GET /2024/05/06/kris-jenner-met-gala-look-like-bride-kim-kardshian-stuns-fashion/ HTTP/11" 200 43048
DEBUG:urllib3.connectionpool:Starting new HTTPS connection (1): www.tmz.com:443
DEBUG:urllib3.connectionpool:https://www.tmz.com:443 "GET /2024/02/29/kim-kardashian-kanye-west-children-school-sierra-canyon/ HTTP/11" 200 41767
DEBUG:urllib3.connectionpool:Starting new HTTPS connection (1): www.tmz.com:443
DEBUG:urllib3.connectionpool:https://www.tmz.com:443 "GET /2024/05/03/khloe-kardashian-hints-open-dating-women-lesbian/ HTTP/11" 200 36534
DEBUG:urllib3.connectionpool:Starting new HTTPS connection (1): www.tmz.com:443
DEBUG:urllib3.connectionpool:https://www.tmz.com:443 "GET /2024/04/07/josh-flagg-diddy-home-raids-neighbors-real-estate-prices/ HTTP/11" 200 41096
DEBUG:urllib3.connectionpool:Starting new HTTPS connection (1): www.tmz.com:443
DEBUG:urllib3.connectionpool:https://www.tmz.com:443 "GET /2024/05/24/travis-scott-tyga-alexander-ae-edwards-southside-fight-ritchie-akivia/ HTTP/11" 200 None
DEBUG:urllib3.connectionpool:Starting new HTTPS connection (1): www.tmz.com:443
DEBUG:urllib3.connectionpool:https://www.tmz.com:443 "GET /2024/07/13/ffffftmz-tv-hot-takes-alec-baldwin-trial-kardashian-wedding-guests-patrick-mahomes-baby/ HTTP/11" 404 None
DEBUG:urllib3.connectionpool:Starting new HTTPS connection (1): www.tmz.com:443
DEBUG:urllib3.connectionpool:https://www.tmz.com:443 "GET /2024/06/11/kim-kardashian-steps-out-janet-jackson-concert-if-outfit/ HTTP/11" 200 42228
DEBUG:urllib3.connectionpool:Starting new HTTPS connection (1): www.tmz.com:443
DEBUG:urllib3.connectionpool:https://www.tmz.com:443 "GET /2024/04/03/chance-the-rapper-wife-kirsten-corley-announce-divorce/ HTTP/11" 200 None
DEBUG:urllib3.connectionpool:Starting new HTTPS connection (1): www.tmz.com:443
DEBUG:urllib3.connectionpool:https://www.tmz.com:443 "GET /2024/07/22/fffffkim-kardashian-khloe-kardashian-bodysuit-funny-bathroom-video/ HTTP/11" 404 None
DEBUG:urllib3.connectionpool:Starting new HTTPS connection (1): www.tmz.com:443
DEBUG:urllib3.connectionpool:https://www.tmz.com:443 "GET /2024/07/12/kim-kardashian-brutal-finger-injury-new-hulu-episode-teaser-doctor/ HTTP/11" 200 35741
DEBUG:urllib3.connectionpool:Starting new HTTPS connection (1): www.tmz.com:443
DEBUG:urllib3.connectionpool:https://www.tmz.com:443 "GET /2024/03/23/kim-kardashian-mantiene-la-paz-con-kanye-west-en-el-partido-de-baloncesto-de-saint/ HTTP/11" 200 42202
DEBUG:urllib3.connectionpool:Starting new HTTPS connection (1): www.tmz.com:443
DEBUG:urllib3.connectionpool:https://www.tmz.com:443 "GET /2024/03/26/bloquean-el-paso-a-ridley-scott-durante-el-allanamiento-a-diddy-en-l-a/ HTTP/11" 200 43353
DEBUG:urllib3.connectionpool:Starting new HTTPS connection (1): www.tmz.com:443
DEBUG:urllib3.connectionpool:https://www.tmz.com:443 "GET /2024/06/23/hot-stars-doused-in-pink-bikinis-its-pink-perfection/ HTTP/11" 200 33297
DEBUG:urllib3.connectionpool:Starting new HTTPS connection (1): www.tmz.com:443
DEBUG:urllib3.connectionpool:https://www.tmz.com:443 "GET /2024/03/24/bianca-censori-se-viste-de-piel-para-cenar-con-kanye-y-north-west/ HTTP/11" 200 41088
DEBUG:urllib3.connectionpool:Starting new HTTPS connection (1): www.tmz.com:443
DEBUG:urllib3.connectionpool:https://www.tmz.com:443 "GET /2024/02/12/kim-kardashian-super-bowl-suite-boring-compared-taylor-swift/ HTTP/11" 200 42602
DEBUG:urllib3.connectionpool:Starting new HTTPS connection (1): www.tmz.com:443
DEBUG:urllib3.connectionpool:https://www.tmz.com:443 "GET /2024/07/25/khloe-kardashian-biological-age-kim-kardashian/ HTTP/11" 200 39589
DEBUG:urllib3.connectionpool:Starting new HTTPS connection (1): www.tmz.com:443
DEBUG:urllib3.connectionpool:https://www.tmz.com:443 "GET /2024/06/22/whats-the-big-frigin-difference/ HTTP/11" 200 33512
DEBUG:urllib3.connectionpool:Starting new HTTPS connection (1): www.tmz.com:443
DEBUG:urllib3.connectionpool:https://www.tmz.com:443 "GET /2024/06/05/guess-who-this-lil-rascal-turned-into/ HTTP/11" 200 32957
DEBUG:urllib3.connectionpool:Starting new HTTPS connection (1): www.tmz.com:443
DEBUG:urllib3.connectionpool:https://www.tmz.com:443 "GET /2024/07/28/ffffjuly-2024-hot-shots-dog-days-of-summer-will-have-you-panting/ HTTP/11" 404 None
DEBUG:urllib3.connectionpool:Starting new HTTPS connection (1): www.tmz.com:443
DEBUG:urllib3.connectionpool:https://www.tmz.com:443 "GET /2024/05/07/met-gala-after-parties-celebrities-stars-dance-fashion-outfits/ HTTP/11" 200 37300
DEBUG:urllib3.connectionpool:Starting new HTTPS connection (1): www.tmz.com:443
DEBUG:urllib3.connectionpool:https://www.tmz.com:443 "GET /2024/07/21/tmz-tv-hot-takes-kim-kardashian-ivanka-trump-taylor-swift-kyle-richards-ingrid-andress/ HTTP/11" 200 40071
DEBUG:urllib3.connectionpool:Starting new HTTPS connection (1): www.tmz.com:443
DEBUG:urllib3.connectionpool:https://www.tmz.com:443 "GET /2024/01/15/emmys-award-show-red-carpet-arrivals-primetime/ HTTP/11" 200 35733
DEBUG:urllib3.connectionpool:Starting new HTTPS connection (1): www.tmz.com:443
DEBUG:urllib3.connectionpool:https://www.tmz.com:443 "GET /2024/02/24/february-2024-hot-shots-celebs-frisky-february/ HTTP/11" 200 33758
DEBUG:urllib3.connectionpool:Starting new HTTPS connection (1): www.tmz.com:443
DEBUG:urllib3.connectionpool:https://www.tmz.com:443 "GET /2024/07/18/kardashian-family-therapy-khloe-needs-most-kim-paris-robbery/ HTTP/11" 200 42891
DEBUG:urllib3.connectionpool:Starting new HTTPS connection (1): www.tmz.com:443
DEBUG:urllib3.connectionpool:https://www.tmz.com:443 "GET /2024/02/14/kourtney-kardashian-y-travis-barker-revelan-que-su-bebe-rocky-fue-concebido-en-san-valentin/ HTTP/11" 200 39493
DEBUG:urllib3.connectionpool:Starting new HTTPS connection (1): www.tmz.com:443
DEBUG:urllib3.connectionpool:https://www.tmz.com:443 "GET /2024/05/25/north-west-sings-lion-king-hollywood-bowl-debut/ HTTP/11" 200 42814
DEBUG:urllib3.connectionpool:Starting new HTTPS connection (1): www.tmz.com:443
DEBUG:urllib3.connectionpool:https://www.tmz.com:443 "GET /2024/06/20/khloe-kardashian-launch-video-podcast-x-elon-musk/ HTTP/11" 200 36382
DEBUG:urllib3.connectionpool:Starting new HTTPS connection (1): www.tmz.com:443
DEBUG:urllib3.connectionpool:https://www.tmz.com:443 "GET /2024/01/09/kendall-jenner-bad-bunny-first-snap-since-split/ HTTP/11" 200 40565
DEBUG:urllib3.connectionpool:Starting new HTTPS connection (1): www.tmz.com:443
DEBUG:urllib3.connectionpool:https://www.tmz.com:443 "GET /2024/05/27/celebrity-hot-dog-legs-guess-who/ HTTP/11" 200 35236
DEBUG:urllib3.connectionpool:Starting new HTTPS connection (1): www.tmz.com:443
DEBUG:urllib3.connectionpool:https://www.tmz.com:443 "GET /2024/05/11/faze-banks-says-miami-grand-prix-felt-bigger-than-super-bowl-so-many-celebs/ HTTP/11" 200 33610
DEBUG:urllib3.connectionpool:Starting new HTTPS connection (1): www.tmz.com:443
DEBUG:urllib3.connectionpool:https://www.tmz.com:443 "GET /2024/03/03/hans-zimmer-elogia-las-dotes-musicales-de-timothee-chalamet-que-sabe-lo-que-hace/ HTTP/11" 200 37018
DEBUG:urllib3.connectionpool:Starting new HTTPS connection (1): www.tmz.com:443
DEBUG:urllib3.connectionpool:https://www.tmz.com:443 "GET /2024/05/30/celebrity-reactions-trump-guilty-verdict-hush-money/ HTTP/11" 200 43532
DEBUG:urllib3.connectionpool:Starting new HTTPS connection (1): www.tmz.com:443
DEBUG:urllib3.connectionpool:https://www.tmz.com:443 "GET /2024/06/22/new-photos-video-north-west-11th-birthday-kim-kardashian-proud-mom/ HTTP/11" 200 39296
DEBUG:urllib3.connectionpool:Starting new HTTPS connection (1): www.tmz.com:443
DEBUG:urllib3.connectionpool:https://www.tmz.com:443 "GET /2024/07/25/khloe-kardashian-biological-age-kim-kardashian/ HTTP/11" 200 39589
DEBUG:urllib3.connectionpool:Starting new HTTPS connection (1): www.tmz.com:443
DEBUG:urllib3.connectionpool:https://www.tmz.com:443 "GET /2024/02/10/kylie-jenner-se-convierte-en-kris-jenner-con-su-nuevo-peinado/ HTTP/11" 200 38109
DEBUG:urllib3.connectionpool:Starting new HTTPS connection (1): www.tmz.com:443
DEBUG:urllib3.connectionpool:https://www.tmz.com:443 "GET /2024/03/08/kylie-jenner-refuse-talk-timothee-chalamet-fashion-interview/ HTTP/11" 200 38746
DEBUG:urllib3.connectionpool:Starting new HTTPS connection (1): www.tmz.com:443
DEBUG:urllib3.connectionpool:https://www.tmz.com:443 "GET /2024/03/25/unc-basketball-player-paxson-wojcik-kylie-jenner-dating-rumor-not-true/ HTTP/11" 200 41429
DEBUG:urllib3.connectionpool:Starting new HTTPS connection (1): www.tmz.com:443
DEBUG:urllib3.connectionpool:https://www.tmz.com:443 "GET /2024/03/11/kim-kardashian-odell-beckham-jr-flirt-pda-oscars-after-party-video/ HTTP/11" 200 42827
DEBUG:urllib3.connectionpool:Starting new HTTPS connection (1): www.tmz.com:443
DEBUG:urllib3.connectionpool:https://www.tmz.com:443 "GET /2024/04/04/stevie-j-diddy-celebrities-party-birthday-federal-investigation-raids/ HTTP/11" 200 42090
DEBUG:urllib3.connectionpool:Starting new HTTPS connection (1): www.tmz.com:443
DEBUG:urllib3.connectionpool:https://www.tmz.com:443 "GET /2024/01/20/stars-by-the-fire-can-you-handle-the-heat/ HTTP/11" 200 32881
